<?xml version="1.0" encoding="UTF-8"?>
<!-- Generated by org.testng.reporters.JUnitReportReporter -->
<testsuite hostname="ASCINLAP60722" failures="0" tests="2" name="Pack_webDriver.TC_lab6TestNG" time="68.775" errors="0" timestamp="2024-10-25T11:03:31 IST" skipped="0">
  <testcase classname="Pack_webDriver.TC_lab6TestNG" name="f" time="30.455"/>
  <testcase classname="Pack_webDriver.TC_lab6TestNG" name="f" time="38.320"/>
</testsuite> <!-- Pack_webDriver.TC_lab6TestNG -->
