<?xml version="1.0" encoding="UTF-8"?>
<!-- Generated by org.testng.reporters.JUnitReportReporter -->
<testsuite hostname="ASCINLAP60722" failures="0" tests="2" name="Pack_webDriver.TC_lab6TestNG" time="67.380" errors="0" timestamp="2024-10-24T16:37:55 IST" skipped="0">
  <testcase classname="Pack_webDriver.TC_lab6TestNG" name="f" time="31.457"/>
  <testcase classname="Pack_webDriver.TC_lab6TestNG" name="f" time="35.923"/>
</testsuite> <!-- Pack_webDriver.TC_lab6TestNG -->
